chzhshch_day_B1 output:
000423
300287
300468
002234
300196
300533
002586
002439
000799
300194
002799
002343
002350
002605
300061
300528
002705
300365
300033
300476
002458
002480
002723
002308
300443
002511
300362
000049
300545
603019
002671
300258
002050
000096
300411
300433
603678
603008
002206
300494
300293
603338
601595
300124
300279
002299
603798
002008
002153
603007
300233
600926
300021
300117
300208
000063
601900
600739
300530
300012
002202
600572
chzhshch_day_B3 output:
600673
002246
300088
600698
Jasonshort output:


Mastd output:
601258,1.00000
002155,1.00000
300006,1.00000
601369,1.00000
002469,1.00000
601101,1.00000
