chzhshch_30m_B1 output:
002554
000922
002299
002127
300266
600387
600539
002801
002311
300208
300543
300287
002456
002094
002263
002018
601918
000718
600021
000656
002107
600255
002439
603636
002662
300383
600619
300022
300502
002167
000407
600779
002698
603158
600759
600750
300570
000980
300174
002688
002068
002085
300492
601058
002464
600243
600753
000063
300376
002484
000918
002356
600797
002047
002758
002659
002420
002415
300143
600183
002738
000933
300298
600350
603322
002531
600821
000736
000920
300072
600167
603898
000759
603019
600737
000930
000723
300296
600305
600422
600841
600179
300148
002661
002146
600699
600316
000826
603060
002040
600105
600197
603398
002437
600810
002530
300087
000910
