chzhshch_day_B1 output:
300210
300217
002765
002275
600661
300328
300501
002632
600463
600864
000502
601099
002276
600052
600960
300254
600367
300333
002070
002673
000597
300413
000627
000616
000707
002315
002760
300400
002654
000603
002662
002436
300458
300274
002182
300340
002298
000585
300262
600817
300452
300247
300038
002174
000970
300332
000564
002736
600667
300375
300085
000687
600508
002758
600222
000681
002607
002313
300329
002716
000705
002435
300252
601996
002627
300405
000792
002730
000695
600101
000070
300291
601001
002548
600168
002428
300330
002049
002237
300141
002738
002190
002612
002708
600370
600111
002332
300442
002155
300253
300214
000966
600874
002381
601311
000655
002055
000543
300503
000551
002392
002642
600287
000948
600351
000004
002771
300368
300171
002581
603968
002507
002285
002360
002135
600570
000733
600617
603002
600784
600292
600490
000065
002293
600468
300435
300007
300485
603026
002238
002417
600055
002100
600695
002520
002192
603012
601222
600470
300071
002517
300018
002728
600335
600063
002769
600405
600868
600503
000731
300142
000686
002177
002534
600278
601616
300326
002460
603701
000920
000534
002514
000032
002303
002502
300370
600067
600285
300113
600862
002325
002689
600458
002421
300339
000529
300026
002290
300055
000915
000979
002349
603123
002776
300389
300474
002314
000632
002800
002448
601368
002369
300390
300346
000720
002766
002494
000978
002060
002036
002644
002235
002121
002280
300305
300489
002374
002657
002420
002471
600444
600684
000938
300240
600714
300283
002536
300147
603306
002116
600586
600238
002479
603883
000757
603568
000601
300347
002449
300139
002170
002404
002090
603699
002574
002308
600987
300099
300446
000691
000546
300181
300205
600128
600744
000006
300140
000838
002079
300108
002688
603017
300395
600366
002407
002005
000008
002026
300391
000767
002577
002393
002054
002528
300424
300455
600233
000404
002214
600917
600676
002432
600159
601966
002465
603959
600650
300202
300048
300492
600169
600448
300388
600719
600665
002183
601515
300025
002480
002208
600121
300300
600163
600602
002030
000667
300260
601677
002207
002538
600628
300484
300024
601128
600513
300235
002500
600223
300037
600302
002643
000652
300097
300183
002472
000701
300105
600126
603737
002631
002067
600235
002715
600320
300241
002305
300477
603023
600517
601339
300429
002447
600791
300463
300046
002037
002625
300430
600423
000785
600521
603939
002102
300444
603011
002230
000797
600589
000537
002437
000905
600136
300259
000862
002084
002706
300092
002515
600897
002540
002544
600198
000806
600093
300079
300310
600328
600854
000662
300307
000796
002150
601028
601567
002014
600850
300345
002337
000700
000559
600516
600870
000605
300185
002533
002641
000777
300173
600825
603318
000593
000795
600006
600769
300495
002394
603729
300227
601518
000835
000715
000301
600757
600781
000409
002074
002104
002380
600683
300195
600105
300432
002655
000955
000728
600080
000823
002240
002441
002248
002541
002499
600077
603020
002397
300042
002496
603599
300112
300021
601002
600792
300019
002256
002243
300472
002274
300036
300416
300294
603018
603030
300239
002698
002350
600078
603199
000762
002504
300387
002707
600888
603333
300440
002671
002328
000548
300129
002015
300151
002148
300264
002566
300004
601218
002637
002650
300081
000752
600830
300470
000883
603979
300127
300354
300013
002592
600075
002551
000755
600020
600812
000810
600237
000665
300407
002386
300314
000626
600203
000899
300170
300397
300102
002398
002003
000679
300010
300132
000751
600861
002095
600881
002734
600836
600706
300277
300453
300478
600368
601208
300377
603031
600644
000850
300039
600183
600216
002273
300231
002016
300436
000078
600396
002069
600251
002687
600853
600505
600882
002413
000027
601313
300460
300385
002463
300306
000552
600217
002106
600295
600218
600461
600281
601000
600789
600846
300220
300211
300419
000430
300157
603167
300487
300437
600206
000919
300451
603726
002319
600257
600241
002317
600601
000157
600509
600597
600563
002077
000833
600131
002527
300075
600549
000692
300134
300355
002362
600220
601929
603618
002197
000058
600707
000989
002634
600748
600446
300439
002498
300464
600531
002649
002601
000815
002006
600429
002228
002111
002218
300263
603118
002712
000036
300111
002797
600459
300481
002327
603015
600273
300462
000016
600560
002543
002196
600653
300299
000413
000926
600149
000973
000610
000917
603188
002403
000545
000958
000969
600348
600117
600634
600410
600831
601010
603309
600651
603456
600993
002009
603808
600133
002144
600571
002516
600730
300190
000859
600279
002324
300204
002678
300074
601008
603901
002270
600193
600017
600345
002737
300281
603016
000553
300256
300336
002284
300067
600399
002031
600510
000526
603989
603005
000021
600561
601599
603168
002267
002355
300500
600723
601799
600378
000421
002770
300341
603658
000811
002320
601608
000758
002011
300384
300187
600129
002416
600488
603085
600401
300101
603022
000420
002438
300051
300445
300255
600984
600403
300043
000636
603669
000088
300360
600815
002373
603611
002613
600895
chzhshch_day_B3 output:
300088
600673
300480
600262
Jasonshort output:
300311,2017-01-20 


Mastd output:
002469,1.00000
002155,1.00000
601369,1.00000
601101,1.00000
601258,1.00000
300006,1.00000
