chzhshch_day_B1 output:
300009
300083
002122
600210
002062
002223
300396
600360
002474
002783
600460
002375
300409
300321
300359
002342
000598
000615
600623
300483
300530
300529
300188
300295
600289
002209
600657
002468
300369
601369
300468
002549
002444
300512
002126
300261
000622
002365
300284
300144
300475
300318
600776
600186
600483
300379
603117
600805
000555
000669
002813
600756
600866
600088
600499
600611
300515
300193
600624
002361
600573
300206
002378
000977
002114
300107
002001
300131
600213
600333
002348
600798
300350
300154
002682
002032
600123
300162
000650
002309
300533
002406
002352
000721
002351
300516
600103
300486
000158
002249
300246
002469
300229
000836
000890
600726
300015
603997
002802
300324
300016
600635
002513
002454
300050
603936
002529
300137
300226
300279
000848
000909
000591
000925
600595
600926
002029
002222
603678
300032
600771
002281
000960
300059
600478
000541
300035
002294
002747
300509
002560
002097
600353
002118
002799
000788
002073
002757
600259
002234
600580
000783
300545
300441
300356
002063
000631
603567
002693
002476
600526
603822
300066
002157
300287
300538
300064
600515
600770
300199
600388
002022
002112
300362
300520
603688
002232
002433
601519
600736
600308
603600
601958
600652
002044
002743
300270
603339
002344
002424
002023
601991
002161
600363
600112
300494
300077
000099
300348
000950
002749
300519
002152
600283
002467
300192
600605
002546
300378
002033
300493
002160
000585
300218
600227
002245
603919
002410
300289
000908
603227
600977
300521
603788
000913
002440
600076
002733
300438
600058
300358
300517
300334
600382
300293
600555
300511
002279
600033
603328
600593
300027
002296
603969
002457
002402
603718
600288
300286
603198
601900
603131
600226
300020
300133
300011
600139
600936
300364
300049
600355
002312
002310
300056
002004
300292
600155
300302
300412
000600
002555
603069
600138
002038
002363
002292
300297
300465
600180
chzhshch_day_B3 output:
000825
600673
600262
300088
Jasonshort output:


Mastd output:
300006,1.00000
601369,1.00000
601101,1.00000
002155,1.00000
002469,1.00000
601258,1.00000
