chzhshch_day_B1 output:
300224
600517
002789
002245
600847
300424
002238
300286
300386
300187
300339
600155
300379
300207
300021
002736
300443
000953
300233
600815
300369
300205
300336
300378
002417
002420
300458
002779
002309
002234
601567
603866
002036
002706
002340
000662
600283
002735
300137
300460
300377
chzhshch_day_B3 output:
002300
000931
300088
600372
600673
000619
Jasonshort output:
300546,2017-01-25 
300209,2017-01-24 
300557,2017-01-25 


Mastd output:
002469,1.00000
002155,1.00000
601258,1.00000
300006,1.00000
601369,1.00000
601101,1.00000
